11:51:12.006 [main                     ] DEBUG Logger               - Configured Logger
11:51:12.022 [main                     ] DEBUG GameApplication      - Logging settings
Title: WorkshopJava
Version: 0.0
Width: 800
Height: 600
Fullscreen: false
Intro: false
Profiling: false
Single step:false
App Mode: DEVELOPER
Menu Key: ESCAPE
Stage Style: DECORATED
Scene Factory: class com.almasb.fxgl.app.scene.SceneFactory

11:51:12.396 [JavaFX Application Thread] DEBUG FXGLApplication      - Initializing FXGL
11:51:12.398 [JavaFX Application Thread] INFO  Engine               - FXGL-17.2 (20.08.2022 16.50) on MAC (J:17.0.7 FX:18)
11:51:12.398 [JavaFX Application Thread] DEBUG Engine               - JRE Vendor Name: Amazon.com Inc.
11:51:12.398 [JavaFX Application Thread] DEBUG Engine               - Running on OS: Mac OS X version 13.4
11:51:12.398 [JavaFX Application Thread] DEBUG Engine               - Architecture: aarch64
11:51:12.398 [JavaFX Application Thread] INFO  Engine               - Source code and latest versions at: https://github.com/AlmasB/FXGL
11:51:12.398 [JavaFX Application Thread] INFO  Engine               -       Ask questions and discuss at: https://github.com/AlmasB/FXGL/discussions
11:51:12.398 [JavaFX Application Thread] INFO  Engine               -              Join the FXGL chat at: https://gitter.im/AlmasB/FXGL
11:51:12.452 [JavaFX Application Thread] DEBUG PrimaryStageWindow   - Creating a JavaFX scene
11:51:12.470 [JavaFX Application Thread] DEBUG PrimaryStageWindow   - Target settings size: 800.0 x 600.0
11:51:12.470 [JavaFX Application Thread] DEBUG PrimaryStageWindow   - Scaled scene size:    800.0 x 600.0
11:51:12.470 [JavaFX Application Thread] DEBUG PrimaryStageWindow   - Scaled ratio: (1.0, 1.0)
11:51:12.471 [JavaFX Application Thread] DEBUG PrimaryStageWindow   - Set initial scene to FXGLStartupScene
11:51:12.473 [JavaFX Application Thread] DEBUG PrimaryStageWindow   - Opening main window
11:51:12.536 [JavaFX Application Thread] DEBUG PrimaryStageWindow   - Window border size: (0.0, 28.0)
11:51:12.536 [JavaFX Application Thread] DEBUG PrimaryStageWindow   - Scaled size: 800.0 x 600.0
11:51:12.536 [JavaFX Application Thread] DEBUG PrimaryStageWindow   - Scaled ratio: (1.0, 1.0)
11:51:12.536 [JavaFX Application Thread] DEBUG PrimaryStageWindow   - Scene size: 800.0 x 600.0
11:51:12.537 [JavaFX Application Thread] DEBUG PrimaryStageWindow   - Stage size: 800.0 x 628.0
11:51:12.539 [FXGL Background Thread 1 ] DEBUG Engine               - Initializing environment variables
11:51:12.553 [FXGL Background Thread 1 ] DEBUG FXGLAssetLoaderServi - User app class for loading assets: class com.WorkshopJava.app.App
11:51:12.553 [FXGL Background Thread 1 ] DEBUG GameApplicationServi - Applying CSS: fxgl_dark.css
11:51:12.554 [FXGL Background Thread 1 ] DEBUG FXGLAssetLoaderServi - Loading from file system: jar:file:/Users/fitzflorian/.m2/repository/com/github/almasb/fxgl/17.2/fxgl-17.2.jar!/fxglassets/ui/css/fxgl_dark.css
11:51:12.573 [FXGL Background Thread 1 ] DEBUG GameApplicationServi - Initializing application scenes
11:51:12.755 [FXGL Background Thread 1 ] DEBUG GameWorld            - Game world initialized
11:51:12.777 [FXGL Background Thread 1 ] DEBUG PhysicsWorld         - Physics world initialized: appHeight=600, physics.ppm=50,0
11:51:12.777 [FXGL Background Thread 1 ] DEBUG PhysicsWorld         - Using strategy: BRUTE_FORCE
11:51:12.779 [FXGL Background Thread 1 ] DEBUG GameScene            - Game scene initialized: 800x600
11:51:12.784 [FXGL Background Thread 1 ] DEBUG FXGL.DefaultMenu     - createMenuBodyGameMenu()
11:51:12.791 [FXGL Background Thread 1 ] DEBUG FXGL.DefaultMenu     - createOptionsMenu()
11:51:12.795 [FXGL Background Thread 1 ] DEBUG FXGLAssetLoaderServi - Loading from file system: jar:file:/Users/fitzflorian/.m2/repository/com/github/almasb/fxgl/17.2/fxgl-17.2.jar!/fxglassets/textures/particles/smoke.png
11:51:12.842 [FXGL Background Thread 1 ] DEBUG FXGLAssetLoaderServi - Loading from file system: jar:file:/Users/fitzflorian/.m2/repository/com/github/almasb/fxgl/17.2/fxgl-17.2.jar!/fxglassets/textures/particles/trace_horizontal.png
11:51:12.866 [FXGL Background Thread 1 ] DEBUG GameApplicationServi - Application scenes initialized
11:51:12.875 [FXGL Background Thread 1 ] DEBUG SystemBundleService  - Loading FXGL system data
11:51:12.877 [FXGL Background Thread 1 ] DEBUG FileSystemAccess     - Reading from: /Users/fitzflorian/delivery/tek2/Hub/Workshop/wk-java/WorkshopJava-app/system/fxgl.bundle
11:51:12.882 [FXGL Background Thread 1 ] DEBUG SystemBundleService  - Bundle FXGL: {}
11:51:12.882 [FXGL Background Thread 1 ] DEBUG UpdaterService       - Checking for updates
11:51:12.884 [FXGL Background Thread 4 ] DEBUG FXGLApplication      - Loading fonts
11:51:12.884 [FXGL Background Thread 1 ] DEBUG FXGLApplication      - Loading default localization
11:51:12.884 [FXGL Background Thread 1 ] DEBUG FXGLAssetLoaderServi - Loading from file system: jar:file:/Users/fitzflorian/.m2/repository/com/github/almasb/fxgl/17.2/fxgl-17.2.jar!/fxglassets/languages/english.lang
11:51:12.884 [FXGL Background Thread 4 ] DEBUG FXGLAssetLoaderServi - Loading from file system: jar:file:/Users/fitzflorian/.m2/repository/com/github/almasb/fxgl/17.2/fxgl-17.2.jar!/fxglassets/ui/fonts/VarelaRound-Regular.ttf
11:51:12.892 [FXGL Background Thread 1 ] INFO  FXGLApplication      - FXGL initialization took: 0,353 sec
11:51:12.892 [FXGL Background Thread 4 ] DEBUG FXGLAssetLoaderServi - Loading from file system: jar:file:/Users/fitzflorian/.m2/repository/com/github/almasb/fxgl/17.2/fxgl-17.2.jar!/fxglassets/ui/fonts/Abel-Regular.ttf
11:51:12.894 [FXGL Background Thread 4 ] DEBUG FXGLAssetLoaderServi - Loading from file system: jar:file:/Users/fitzflorian/.m2/repository/com/github/almasb/fxgl/17.2/fxgl-17.2.jar!/fxglassets/ui/fonts/TerminalLandMono-Regular.otf
11:51:12.896 [JavaFX Application Thread] DEBUG Input                - Registered new binding: action0 - Left
11:51:12.897 [JavaFX Application Thread] DEBUG Input                - Registered new binding: action1 - Right
11:51:12.900 [JavaFX Application Thread] DEBUG Input                - Registered new binding: action2 - Up
11:51:12.900 [JavaFX Application Thread] DEBUG Input                - Registered new binding: action3 - Down
11:51:12.900 [FXGL Background Thread 4 ] DEBUG FXGLAssetLoaderServi - Loading from file system: jar:file:/Users/fitzflorian/.m2/repository/com/github/almasb/fxgl/17.2/fxgl-17.2.jar!/fxglassets/ui/fonts/Courier-Prime.ttf
11:51:12.901 [JavaFX Application Thread] DEBUG FXGLAssetLoaderServi - Loading from file system: jar:file:/Users/fitzflorian/.m2/repository/com/github/almasb/fxgl/17.2/fxgl-17.2.jar!/fxglassets/textures/fxgl_icon.png
11:51:12.913 [JavaFX Application Thread] DEBUG FXGLAssetLoaderServi - Loading from file system: jar:file:/Users/fitzflorian/.m2/repository/com/github/almasb/fxgl/17.2/fxgl-17.2.jar!/fxglassets/textures/fxgl_default_cursor.png
11:51:12.914 [JavaFX Application Thread] DEBUG Input                - Registered new binding: Screenshot - CTRL+8
11:51:12.914 [JavaFX Application Thread] DEBUG Input                - Registered new binding: System info dump - CTRL+9
11:51:12.914 [JavaFX Application Thread] DEBUG Input                - Registered new binding: Restart - CTRL+R
11:51:12.914 [JavaFX Application Thread] DEBUG Input                - Registered new binding: Toggle Debug Camera - CTRL+7
11:51:12.915 [JavaFX Application Thread] DEBUG LoopRunner           - Starting loop
11:51:12.915 [JavaFX Application Thread] DEBUG LoopRunner           - Initializing JavaFX AnimationTimerLoop
11:51:12.915 [JavaFX Application Thread] DEBUG GameApplicationServi - Starting new game
11:51:12.915 [JavaFX Application Thread] DEBUG Input                - Clearing active input actions
11:51:12.919 [JavaFX Application Thread] DEBUG GameApplicationServi - Removing overlay from FXGLStartupScene and adding to FXGLLoadingScene
11:51:12.919 [JavaFX Application Thread] DEBUG PrimaryStageWindow   - FXGLStartupScene -> FXGLLoadingScene
11:51:12.919 [JavaFX Application Thread] DEBUG GameApplicationServi - Clearing previous game
11:51:12.919 [JavaFX Application Thread] DEBUG GameScene            - Clearing game scene
11:51:12.919 [JavaFX Application Thread] DEBUG GameWorld            - Clearing game world
11:51:12.919 [JavaFX Application Thread] DEBUG PhysicsWorld         - Clearing physics world
11:51:12.920 [FXGL Background Thread 4 ] DEBUG FXGLApplication      - Initializing game
11:51:12.923 [FXGL Background Thread 4 ] WARN  FXGLAssetLoaderServi - Asset "/assets/textures/../resources/assets/textures/cube.png" was not found!
11:51:12.923 [FXGL Background Thread 4 ] WARN  FXGLAssetLoaderServi - Failed to load IMAGE
11:51:12.955 [JavaFX Application Thread] DEBUG FXGLApplication      - Registering font factories with UI factory
11:51:12.962 [FXGL Background Thread 4 ] INFO  FXGLApplication      - Game initialization took: 0,042 sec
11:51:12.974 [JavaFX Application Thread] DEBUG Input                - Clearing active input actions
11:51:12.977 [JavaFX Application Thread] DEBUG GameApplicationServi - Removing overlay from FXGLLoadingScene and adding to GameScene
11:51:12.977 [JavaFX Application Thread] DEBUG PrimaryStageWindow   - FXGLLoadingScene -> GameScene
11:51:13.902 [FXGL Background Thread 2 ] INFO  UpdaterService       - Your current version:  17.2
11:51:13.903 [FXGL Background Thread 2 ] INFO  UpdaterService       - Latest stable version: 17.3
11:51:14.280 [JavaFX Application Thread] DEBUG FXGLApplication      - Exiting FXGL
11:51:14.280 [JavaFX Application Thread] DEBUG LoopRunner           - Stopping loop
11:51:14.280 [JavaFX Application Thread] DEBUG SystemBundleService  - Saving FXGL system data
11:51:14.282 [JavaFX Application Thread] DEBUG FileSystemAccess     - Writing to: /Users/fitzflorian/delivery/tek2/Hub/Workshop/wk-java/WorkshopJava-app/system/fxgl.bundle
11:51:14.283 [JavaFX Application Thread] DEBUG Async                - Shutting down background threads
11:51:14.283 [JavaFX Application Thread] DEBUG PrimaryStageWindow   - Closing main window
11:51:14.291 [JavaFX Application Thread] DEBUG Logger               - Closing Logger
