11:01:18.440 [main                     ] DEBUG Logger               - Configured Logger
11:01:18.462 [main                     ] DEBUG GameApplication      - Logging settings
Title: WorkshopJava
Version: 0.0
Width: 800
Height: 600
Fullscreen: false
Intro: false
Profiling: false
Single step:false
App Mode: DEVELOPER
Menu Key: ESCAPE
Stage Style: DECORATED
Scene Factory: class com.almasb.fxgl.app.scene.SceneFactory

11:01:18.728 [JavaFX Application Thread] DEBUG FXGLApplication      - Initializing FXGL
11:01:18.730 [JavaFX Application Thread] INFO  Engine               - FXGL-17.2 (20.08.2022 16.50) on MAC (J:17.0.7 FX:18)
11:01:18.730 [JavaFX Application Thread] DEBUG Engine               - JRE Vendor Name: Amazon.com Inc.
11:01:18.731 [JavaFX Application Thread] DEBUG Engine               - Running on OS: Mac OS X version 13.4
11:01:18.731 [JavaFX Application Thread] DEBUG Engine               - Architecture: aarch64
11:01:18.731 [JavaFX Application Thread] INFO  Engine               - Source code and latest versions at: https://github.com/AlmasB/FXGL
11:01:18.731 [JavaFX Application Thread] INFO  Engine               -       Ask questions and discuss at: https://github.com/AlmasB/FXGL/discussions
11:01:18.731 [JavaFX Application Thread] INFO  Engine               -              Join the FXGL chat at: https://gitter.im/AlmasB/FXGL
11:01:18.776 [JavaFX Application Thread] DEBUG PrimaryStageWindow   - Creating a JavaFX scene
11:01:18.793 [JavaFX Application Thread] DEBUG PrimaryStageWindow   - Target settings size: 800.0 x 600.0
11:01:18.793 [JavaFX Application Thread] DEBUG PrimaryStageWindow   - Scaled scene size:    800.0 x 600.0
11:01:18.794 [JavaFX Application Thread] DEBUG PrimaryStageWindow   - Scaled ratio: (1.0, 1.0)
11:01:18.794 [JavaFX Application Thread] DEBUG PrimaryStageWindow   - Set initial scene to FXGLStartupScene
11:01:18.797 [JavaFX Application Thread] DEBUG PrimaryStageWindow   - Opening main window
11:01:18.845 [JavaFX Application Thread] DEBUG PrimaryStageWindow   - Window border size: (0.0, 28.0)
11:01:18.845 [JavaFX Application Thread] DEBUG PrimaryStageWindow   - Scaled size: 800.0 x 600.0
11:01:18.845 [JavaFX Application Thread] DEBUG PrimaryStageWindow   - Scaled ratio: (1.0, 1.0)
11:01:18.845 [JavaFX Application Thread] DEBUG PrimaryStageWindow   - Scene size: 800.0 x 600.0
11:01:18.845 [JavaFX Application Thread] DEBUG PrimaryStageWindow   - Stage size: 800.0 x 628.0
11:01:18.848 [FXGL Background Thread 1 ] DEBUG Engine               - Initializing environment variables
11:01:18.861 [FXGL Background Thread 1 ] DEBUG FXGLAssetLoaderServi - User app class for loading assets: class com.WorkshopJava.app.App
11:01:18.861 [FXGL Background Thread 1 ] DEBUG GameApplicationServi - Applying CSS: fxgl_dark.css
11:01:18.862 [FXGL Background Thread 1 ] DEBUG FXGLAssetLoaderServi - Loading from file system: jar:file:/Users/fitzflorian/.m2/repository/com/github/almasb/fxgl/17.2/fxgl-17.2.jar!/fxglassets/ui/css/fxgl_dark.css
11:01:18.881 [FXGL Background Thread 1 ] DEBUG GameApplicationServi - Initializing application scenes
11:01:19.067 [FXGL Background Thread 1 ] DEBUG GameWorld            - Game world initialized
11:01:19.092 [FXGL Background Thread 1 ] DEBUG PhysicsWorld         - Physics world initialized: appHeight=600, physics.ppm=50,0
11:01:19.093 [FXGL Background Thread 1 ] DEBUG PhysicsWorld         - Using strategy: BRUTE_FORCE
11:01:19.094 [FXGL Background Thread 1 ] DEBUG GameScene            - Game scene initialized: 800x600
11:01:19.099 [FXGL Background Thread 1 ] DEBUG FXGL.DefaultMenu     - createMenuBodyGameMenu()
11:01:19.107 [FXGL Background Thread 1 ] DEBUG FXGL.DefaultMenu     - createOptionsMenu()
11:01:19.111 [FXGL Background Thread 1 ] DEBUG FXGLAssetLoaderServi - Loading from file system: jar:file:/Users/fitzflorian/.m2/repository/com/github/almasb/fxgl/17.2/fxgl-17.2.jar!/fxglassets/textures/particles/smoke.png
11:01:19.163 [FXGL Background Thread 1 ] DEBUG FXGLAssetLoaderServi - Loading from file system: jar:file:/Users/fitzflorian/.m2/repository/com/github/almasb/fxgl/17.2/fxgl-17.2.jar!/fxglassets/textures/particles/trace_horizontal.png
11:01:19.177 [FXGL Background Thread 1 ] DEBUG GameApplicationServi - Application scenes initialized
11:01:19.184 [FXGL Background Thread 1 ] DEBUG SystemBundleService  - Loading FXGL system data
11:01:19.186 [FXGL Background Thread 1 ] DEBUG FileSystemAccess     - Reading from: /Users/fitzflorian/delivery/tek2/Hub/Workshop/wk-java/WorkshopJava-app/system/fxgl.bundle
11:01:19.191 [FXGL Background Thread 1 ] DEBUG SystemBundleService  - Bundle FXGL: {}
11:01:19.192 [FXGL Background Thread 1 ] DEBUG UpdaterService       - Checking for updates
11:01:19.195 [FXGL Background Thread 4 ] DEBUG FXGLApplication      - Loading fonts
11:01:19.195 [FXGL Background Thread 4 ] DEBUG FXGLAssetLoaderServi - Loading from file system: jar:file:/Users/fitzflorian/.m2/repository/com/github/almasb/fxgl/17.2/fxgl-17.2.jar!/fxglassets/ui/fonts/VarelaRound-Regular.ttf
11:01:19.196 [FXGL Background Thread 1 ] DEBUG FXGLApplication      - Loading default localization
11:01:19.196 [FXGL Background Thread 1 ] DEBUG FXGLAssetLoaderServi - Loading from file system: jar:file:/Users/fitzflorian/.m2/repository/com/github/almasb/fxgl/17.2/fxgl-17.2.jar!/fxglassets/languages/english.lang
11:01:19.204 [FXGL Background Thread 1 ] INFO  FXGLApplication      - FXGL initialization took: 0,356 sec
11:01:19.204 [FXGL Background Thread 4 ] DEBUG FXGLAssetLoaderServi - Loading from file system: jar:file:/Users/fitzflorian/.m2/repository/com/github/almasb/fxgl/17.2/fxgl-17.2.jar!/fxglassets/ui/fonts/Abel-Regular.ttf
11:01:19.205 [FXGL Background Thread 4 ] DEBUG FXGLAssetLoaderServi - Loading from file system: jar:file:/Users/fitzflorian/.m2/repository/com/github/almasb/fxgl/17.2/fxgl-17.2.jar!/fxglassets/ui/fonts/TerminalLandMono-Regular.otf
11:01:19.207 [FXGL Background Thread 4 ] DEBUG FXGLAssetLoaderServi - Loading from file system: jar:file:/Users/fitzflorian/.m2/repository/com/github/almasb/fxgl/17.2/fxgl-17.2.jar!/fxglassets/ui/fonts/Courier-Prime.ttf
11:01:19.209 [JavaFX Application Thread] DEBUG Input                - Registered new binding: action0 - Left
11:01:19.210 [JavaFX Application Thread] DEBUG Input                - Registered new binding: action1 - Right
11:01:19.210 [JavaFX Application Thread] DEBUG Input                - Registered new binding: action2 - Up
11:01:19.210 [JavaFX Application Thread] DEBUG Input                - Registered new binding: action3 - Down
11:01:19.210 [JavaFX Application Thread] DEBUG FXGLAssetLoaderServi - Loading from file system: jar:file:/Users/fitzflorian/.m2/repository/com/github/almasb/fxgl/17.2/fxgl-17.2.jar!/fxglassets/textures/fxgl_icon.png
11:01:19.224 [JavaFX Application Thread] DEBUG FXGLAssetLoaderServi - Loading from file system: jar:file:/Users/fitzflorian/.m2/repository/com/github/almasb/fxgl/17.2/fxgl-17.2.jar!/fxglassets/textures/fxgl_default_cursor.png
11:01:19.225 [JavaFX Application Thread] DEBUG Input                - Registered new binding: Screenshot - CTRL+8
11:01:19.225 [JavaFX Application Thread] DEBUG Input                - Registered new binding: System info dump - CTRL+9
11:01:19.225 [JavaFX Application Thread] DEBUG Input                - Registered new binding: Restart - CTRL+R
11:01:19.225 [JavaFX Application Thread] DEBUG Input                - Registered new binding: Toggle Debug Camera - CTRL+7
11:01:19.226 [JavaFX Application Thread] DEBUG LoopRunner           - Starting loop
11:01:19.226 [JavaFX Application Thread] DEBUG LoopRunner           - Initializing JavaFX AnimationTimerLoop
11:01:19.227 [JavaFX Application Thread] DEBUG GameApplicationServi - Starting new game
11:01:19.227 [JavaFX Application Thread] DEBUG Input                - Clearing active input actions
11:01:19.233 [JavaFX Application Thread] DEBUG GameApplicationServi - Removing overlay from FXGLStartupScene and adding to FXGLLoadingScene
11:01:19.233 [JavaFX Application Thread] DEBUG PrimaryStageWindow   - FXGLStartupScene -> FXGLLoadingScene
11:01:19.233 [JavaFX Application Thread] DEBUG GameApplicationServi - Clearing previous game
11:01:19.233 [JavaFX Application Thread] DEBUG GameScene            - Clearing game scene
11:01:19.233 [JavaFX Application Thread] DEBUG GameWorld            - Clearing game world
11:01:19.233 [JavaFX Application Thread] DEBUG PhysicsWorld         - Clearing physics world
11:01:19.234 [FXGL Background Thread 4 ] DEBUG FXGLApplication      - Initializing game
11:01:19.239 [FXGL Background Thread 4 ] INFO  FXGLApplication      - Game initialization took: 0,004 sec
11:01:19.252 [JavaFX Application Thread] DEBUG FXGLApplication      - Registering font factories with UI factory
11:01:19.253 [JavaFX Application Thread] DEBUG Input                - Clearing active input actions
11:01:19.256 [JavaFX Application Thread] DEBUG GameApplicationServi - Removing overlay from FXGLLoadingScene and adding to GameScene
11:01:19.256 [JavaFX Application Thread] DEBUG PrimaryStageWindow   - FXGLLoadingScene -> GameScene
11:01:19.555 [FXGL Background Thread 2 ] INFO  UpdaterService       - Your current version:  17.2
11:01:19.555 [FXGL Background Thread 2 ] INFO  UpdaterService       - Latest stable version: 17.3
11:01:22.199 [FXGL Background Thread 3 ] DEBUG Engine               - Logging environment variables
11:01:22.201 [FXGL Background Thread 3 ] DEBUG Engine               - achievements: []
11:01:22.201 [FXGL Background Thread 3 ] DEBUG Engine               - actualHeight: 600.0
11:01:22.201 [FXGL Background Thread 3 ] DEBUG Engine               - actualHeightProperty: ReadOnlyDoubleProperty [value: 600.0]
11:01:22.201 [FXGL Background Thread 3 ] DEBUG Engine               - actualWidth: 800.0
11:01:22.201 [FXGL Background Thread 3 ] DEBUG Engine               - actualWidthProperty: ReadOnlyDoubleProperty [value: 800.0]
11:01:22.202 [FXGL Background Thread 3 ] DEBUG Engine               - appIcon: fxgl_icon.png
11:01:22.202 [FXGL Background Thread 3 ] DEBUG Engine               - applicationMode: DEVELOPER
11:01:22.202 [FXGL Background Thread 3 ] DEBUG Engine               - cSSList: [fxgl_dark.css]
11:01:22.202 [FXGL Background Thread 3 ] DEBUG Engine               - collisionDetectionStrategy: BRUTE_FORCE
11:01:22.202 [FXGL Background Thread 3 ] DEBUG Engine               - configClass: Optional.empty
11:01:22.202 [FXGL Background Thread 3 ] DEBUG Engine               - credits: []
11:01:22.203 [FXGL Background Thread 3 ] DEBUG Engine               - defaultCursor: CursorInfo(imageName=fxgl_default_cursor.png, hotspotX=7.0, hotspotY=6.0)
11:01:22.203 [FXGL Background Thread 3 ] DEBUG Engine               - devBBoxColorProperty: ObjectProperty [value: 0xff0000ff]
11:01:22.203 [FXGL Background Thread 3 ] DEBUG Engine               - devEnableDebugCameraProperty: BooleanProperty [value: false]
11:01:22.203 [FXGL Background Thread 3 ] DEBUG Engine               - devSensorColorProperty: ObjectProperty [value: 0xffff00ff]
11:01:22.203 [FXGL Background Thread 3 ] DEBUG Engine               - devShowBBoxProperty: BooleanProperty [value: false]
11:01:22.204 [FXGL Background Thread 3 ] DEBUG Engine               - devShowPositionProperty: BooleanProperty [value: false]
11:01:22.204 [FXGL Background Thread 3 ] DEBUG Engine               - enabledMenuItems: []
11:01:22.204 [FXGL Background Thread 3 ] DEBUG Engine               - engineServices: [class com.almasb.fxgl.app.services.FXGLAssetLoaderService, class com.almasb.fxgl.app.FXGLApplication$GameApplicationService, class com.almasb.fxgl.app.services.FXGLDialogService, class com.almasb.fxgl.app.services.IOTaskExecutorService, class com.almasb.fxgl.io.FileSystemService, class com.almasb.fxgl.localization.LocalizationService, class com.almasb.fxgl.app.services.SystemBundleService, class com.almasb.fxgl.profile.SaveLoadService, class com.almasb.fxgl.ui.FXGLUIFactoryServiceProvider, class com.almasb.fxgl.ui.FXGLDialogFactoryServiceProvider, class com.almasb.fxgl.audio.AudioPlayer, class com.almasb.fxgl.notification.impl.NotificationServiceProvider, class com.almasb.fxgl.achievement.AchievementService, class com.almasb.fxgl.cutscene.CutsceneService, class com.almasb.fxgl.minigames.MiniGameService, class com.almasb.fxgl.net.NetService, class com.almasb.fxgl.app.services.UpdaterService, class com.almasb.fxgl.dev.DevService]
11:01:22.204 [FXGL Background Thread 3 ] DEBUG Engine               - fontGame: Abel-Regular.ttf
11:01:22.204 [FXGL Background Thread 3 ] DEBUG Engine               - fontMono: TerminalLandMono-Regular.otf
11:01:22.204 [FXGL Background Thread 3 ] DEBUG Engine               - fontText: Courier-Prime.ttf
11:01:22.204 [FXGL Background Thread 3 ] DEBUG Engine               - fontUI: VarelaRound-Regular.ttf
11:01:22.204 [FXGL Background Thread 3 ] DEBUG Engine               - fullScreen: BooleanProperty [value: false]
11:01:22.204 [FXGL Background Thread 3 ] DEBUG Engine               - gameDifficulty: MEDIUM
11:01:22.204 [FXGL Background Thread 3 ] DEBUG Engine               - gameDifficultyProperty: ObjectProperty [value: MEDIUM]
11:01:22.204 [FXGL Background Thread 3 ] DEBUG Engine               - globalMusicVolume: 0.5
11:01:22.205 [FXGL Background Thread 3 ] DEBUG Engine               - globalMusicVolumeProperty: DoubleProperty [value: 0.5]
11:01:22.205 [FXGL Background Thread 3 ] DEBUG Engine               - globalSoundVolume: 0.5
11:01:22.205 [FXGL Background Thread 3 ] DEBUG Engine               - globalSoundVolumeProperty: DoubleProperty [value: 0.5]
11:01:22.205 [FXGL Background Thread 3 ] DEBUG Engine               - height: 600
11:01:22.205 [FXGL Background Thread 3 ] DEBUG Engine               - is3D: false
11:01:22.205 [FXGL Background Thread 3 ] DEBUG Engine               - isAndroid: false
11:01:22.205 [FXGL Background Thread 3 ] DEBUG Engine               - isBrowser: false
11:01:22.205 [FXGL Background Thread 3 ] DEBUG Engine               - isClickFeedbackEnabled: false
11:01:22.205 [FXGL Background Thread 3 ] DEBUG Engine               - isCloseConfirmation: false
11:01:22.206 [FXGL Background Thread 3 ] DEBUG Engine               - isDesktop: true
11:01:22.206 [FXGL Background Thread 3 ] DEBUG Engine               - isDeveloperMenuEnabled: false
11:01:22.206 [FXGL Background Thread 3 ] DEBUG Engine               - isEmbedded: false
11:01:22.206 [FXGL Background Thread 3 ] DEBUG Engine               - isEntityPreloadEnabled: true
11:01:22.206 [FXGL Background Thread 3 ] DEBUG Engine               - isExperimentalTiledLargeMap: false
11:01:22.206 [FXGL Background Thread 3 ] DEBUG Engine               - isFileSystemWriteAllowed: true
11:01:22.206 [FXGL Background Thread 3 ] DEBUG Engine               - isFullScreenAllowed: false
11:01:22.206 [FXGL Background Thread 3 ] DEBUG Engine               - isFullScreenFromStart: false
11:01:22.206 [FXGL Background Thread 3 ] DEBUG Engine               - isGameMenuEnabled: true
11:01:22.206 [FXGL Background Thread 3 ] DEBUG Engine               - isIOS: false
11:01:22.207 [FXGL Background Thread 3 ] DEBUG Engine               - isIntroEnabled: false
11:01:22.207 [FXGL Background Thread 3 ] DEBUG Engine               - isLinux: false
11:01:22.207 [FXGL Background Thread 3 ] DEBUG Engine               - isMac: true
11:01:22.207 [FXGL Background Thread 3 ] DEBUG Engine               - isMainMenuEnabled: false
11:01:22.207 [FXGL Background Thread 3 ] DEBUG Engine               - isManualResizeEnabled: false
11:01:22.207 [FXGL Background Thread 3 ] DEBUG Engine               - isMobile: false
11:01:22.207 [FXGL Background Thread 3 ] DEBUG Engine               - isNative: false
11:01:22.207 [FXGL Background Thread 3 ] DEBUG Engine               - isPauseMusicWhenMinimized: true
11:01:22.207 [FXGL Background Thread 3 ] DEBUG Engine               - isPreserveResizeRatio: false
11:01:22.207 [FXGL Background Thread 3 ] DEBUG Engine               - isProfilingEnabled: false
11:01:22.207 [FXGL Background Thread 3 ] DEBUG Engine               - isScaleAffectedOnResize: true
11:01:22.207 [FXGL Background Thread 3 ] DEBUG Engine               - isSingleStep: false
11:01:22.208 [FXGL Background Thread 3 ] DEBUG Engine               - isUserProfileEnabled: false
11:01:22.208 [FXGL Background Thread 3 ] DEBUG Engine               - isWindows: false
11:01:22.208 [FXGL Background Thread 3 ] DEBUG Engine               - language: ObjectProperty [value: ENGLISH]
11:01:22.208 [FXGL Background Thread 3 ] DEBUG Engine               - menuKey: ESCAPE
11:01:22.208 [FXGL Background Thread 3 ] DEBUG Engine               - mouseSensitivity: 0.2
11:01:22.208 [FXGL Background Thread 3 ] DEBUG Engine               - notificationViewClass: class com.almasb.fxgl.notification.view.XboxNotificationView
11:01:22.208 [FXGL Background Thread 3 ] DEBUG Engine               - pixelsPerMeter: 50.0
11:01:22.209 [FXGL Background Thread 3 ] DEBUG Engine               - platform: MAC
11:01:22.209 [FXGL Background Thread 3 ] DEBUG Engine               - prefHeightProperty: ReadOnlyDoubleProperty [value: 600.0]
11:01:22.209 [FXGL Background Thread 3 ] DEBUG Engine               - prefWidthProperty: ReadOnlyDoubleProperty [value: 800.0]
11:01:22.209 [FXGL Background Thread 3 ] DEBUG Engine               - profileDir: profiles/
11:01:22.209 [FXGL Background Thread 3 ] DEBUG Engine               - profileName: StringProperty [value: DEFAULT]
11:01:22.209 [FXGL Background Thread 3 ] DEBUG Engine               - randomSeed: -1
11:01:22.210 [FXGL Background Thread 3 ] DEBUG Engine               - runtimeInfo: RuntimeInfo(platform=MAC, version=17.2, build=20.08.2022 16.50)
11:01:22.210 [FXGL Background Thread 3 ] DEBUG Engine               - saveFileExt: sav
11:01:22.210 [FXGL Background Thread 3 ] DEBUG Engine               - scaledHeightProp$fxgl: DoubleProperty [bound, value: 600.0]
11:01:22.210 [FXGL Background Thread 3 ] DEBUG Engine               - scaledWidthProp$fxgl: DoubleProperty [bound, value: 800.0]
11:01:22.210 [FXGL Background Thread 3 ] DEBUG Engine               - sceneFactory: com.almasb.fxgl.app.scene.SceneFactory@10a1e2a3
11:01:22.210 [FXGL Background Thread 3 ] DEBUG Engine               - secondsIn24h: 60
11:01:22.210 [FXGL Background Thread 3 ] DEBUG Engine               - soundMenuBack: menu/back.wav
11:01:22.210 [FXGL Background Thread 3 ] DEBUG Engine               - soundMenuPress: menu/press.wav
11:01:22.211 [FXGL Background Thread 3 ] DEBUG Engine               - soundMenuSelect: menu/select.wav
11:01:22.211 [FXGL Background Thread 3 ] DEBUG Engine               - soundNotification: core/notification.wav
11:01:22.211 [FXGL Background Thread 3 ] DEBUG Engine               - stageStyle: DECORATED
11:01:22.211 [FXGL Background Thread 3 ] DEBUG Engine               - supportedLanguages: [ENGLISH, FRENCH, GERMAN, HUNGARIAN, RUSSIAN]
11:01:22.211 [FXGL Background Thread 3 ] DEBUG Engine               - ticksPerSecond: -1
11:01:22.211 [FXGL Background Thread 3 ] DEBUG Engine               - title: WorkshopJava
11:01:22.211 [FXGL Background Thread 3 ] DEBUG Engine               - urlGithub: https://github.com/AlmasB/FXGL
11:01:22.211 [FXGL Background Thread 3 ] DEBUG Engine               - urlLeaderboard: http://fxgl-top.herokuapp.com/
11:01:22.211 [FXGL Background Thread 3 ] DEBUG Engine               - urlPOM: https://raw.githubusercontent.com/AlmasB/FXGL/release/README.md
11:01:22.211 [FXGL Background Thread 3 ] DEBUG Engine               - userAppClass: class com.WorkshopJava.app.App
11:01:22.211 [FXGL Background Thread 3 ] DEBUG Engine               - version: 0.0
11:01:22.212 [FXGL Background Thread 3 ] DEBUG Engine               - versionCheckDays: 7
11:01:22.212 [FXGL Background Thread 3 ] DEBUG Engine               - width: 800
11:01:22.212 [FXGL Background Thread 3 ] DEBUG Engine               - Logging services
11:01:22.212 [FXGL Background Thread 3 ] DEBUG Engine               - class com.almasb.fxgl.app.services.FXGLAssetLoaderService
11:01:22.212 [FXGL Background Thread 3 ] DEBUG Engine               - class com.almasb.fxgl.app.FXGLApplication$GameApplicationService
11:01:22.212 [FXGL Background Thread 3 ] DEBUG Engine               - class com.almasb.fxgl.app.services.FXGLDialogService
11:01:22.212 [FXGL Background Thread 3 ] DEBUG Engine               - class com.almasb.fxgl.app.services.IOTaskExecutorService
11:01:22.212 [FXGL Background Thread 3 ] DEBUG Engine               - class com.almasb.fxgl.io.FileSystemService
11:01:22.212 [FXGL Background Thread 3 ] DEBUG Engine               - class com.almasb.fxgl.localization.LocalizationService
11:01:22.212 [FXGL Background Thread 3 ] DEBUG Engine               - class com.almasb.fxgl.app.services.SystemBundleService
11:01:22.212 [FXGL Background Thread 3 ] DEBUG Engine               - class com.almasb.fxgl.profile.SaveLoadService
11:01:22.212 [FXGL Background Thread 3 ] DEBUG Engine               - class com.almasb.fxgl.ui.FXGLUIFactoryServiceProvider
11:01:22.212 [FXGL Background Thread 3 ] DEBUG Engine               - class com.almasb.fxgl.ui.FXGLDialogFactoryServiceProvider
11:01:22.212 [FXGL Background Thread 3 ] DEBUG Engine               - class com.almasb.fxgl.audio.AudioPlayer
11:01:22.212 [FXGL Background Thread 3 ] DEBUG Engine               - class com.almasb.fxgl.notification.impl.NotificationServiceProvider
11:01:22.213 [FXGL Background Thread 3 ] DEBUG Engine               - class com.almasb.fxgl.achievement.AchievementService
11:01:22.213 [FXGL Background Thread 3 ] DEBUG Engine               - class com.almasb.fxgl.cutscene.CutsceneService
11:01:22.213 [FXGL Background Thread 3 ] DEBUG Engine               - class com.almasb.fxgl.minigames.MiniGameService
11:01:22.213 [FXGL Background Thread 3 ] DEBUG Engine               - class com.almasb.fxgl.net.NetService
11:01:22.213 [FXGL Background Thread 3 ] DEBUG Engine               - class com.almasb.fxgl.app.services.UpdaterService
11:01:22.213 [FXGL Background Thread 3 ] DEBUG Engine               - class com.almasb.fxgl.dev.DevService
11:01:24.691 [JavaFX Application Thread] DEBUG FXGLApplication      - Exiting FXGL
11:01:24.691 [JavaFX Application Thread] DEBUG LoopRunner           - Stopping loop
11:01:24.691 [JavaFX Application Thread] DEBUG SystemBundleService  - Saving FXGL system data
11:01:24.692 [JavaFX Application Thread] DEBUG FileSystemAccess     - Writing to: /Users/fitzflorian/delivery/tek2/Hub/Workshop/wk-java/WorkshopJava-app/system/fxgl.bundle
11:01:24.693 [JavaFX Application Thread] DEBUG Async                - Shutting down background threads
11:01:24.693 [JavaFX Application Thread] DEBUG PrimaryStageWindow   - Closing main window
11:01:24.698 [JavaFX Application Thread] DEBUG Logger               - Closing Logger
