11:39:27.896 [main                     ] DEBUG Logger               - Configured Logger
11:39:27.913 [main                     ] DEBUG GameApplication      - Logging settings
Title: WorkshopJava
Version: 0.0
Width: 800
Height: 600
Fullscreen: false
Intro: false
Profiling: false
Single step:false
App Mode: DEVELOPER
Menu Key: ESCAPE
Stage Style: DECORATED
Scene Factory: class com.almasb.fxgl.app.scene.SceneFactory

11:39:28.171 [JavaFX Application Thread] DEBUG FXGLApplication      - Initializing FXGL
11:39:28.175 [JavaFX Application Thread] INFO  Engine               - FXGL-17.2 (20.08.2022 16.50) on MAC (J:17.0.7 FX:18)
11:39:28.175 [JavaFX Application Thread] DEBUG Engine               - JRE Vendor Name: Amazon.com Inc.
11:39:28.176 [JavaFX Application Thread] DEBUG Engine               - Running on OS: Mac OS X version 13.4
11:39:28.176 [JavaFX Application Thread] DEBUG Engine               - Architecture: aarch64
11:39:28.176 [JavaFX Application Thread] INFO  Engine               - Source code and latest versions at: https://github.com/AlmasB/FXGL
11:39:28.176 [JavaFX Application Thread] INFO  Engine               -       Ask questions and discuss at: https://github.com/AlmasB/FXGL/discussions
11:39:28.176 [JavaFX Application Thread] INFO  Engine               -              Join the FXGL chat at: https://gitter.im/AlmasB/FXGL
11:39:28.227 [JavaFX Application Thread] DEBUG PrimaryStageWindow   - Creating a JavaFX scene
11:39:28.247 [JavaFX Application Thread] DEBUG PrimaryStageWindow   - Target settings size: 800.0 x 600.0
11:39:28.247 [JavaFX Application Thread] DEBUG PrimaryStageWindow   - Scaled scene size:    800.0 x 600.0
11:39:28.248 [JavaFX Application Thread] DEBUG PrimaryStageWindow   - Scaled ratio: (1.0, 1.0)
11:39:28.248 [JavaFX Application Thread] DEBUG PrimaryStageWindow   - Set initial scene to FXGLStartupScene
11:39:28.251 [JavaFX Application Thread] DEBUG PrimaryStageWindow   - Opening main window
11:39:28.296 [JavaFX Application Thread] DEBUG PrimaryStageWindow   - Window border size: (0.0, 28.0)
11:39:28.296 [JavaFX Application Thread] DEBUG PrimaryStageWindow   - Scaled size: 800.0 x 600.0
11:39:28.296 [JavaFX Application Thread] DEBUG PrimaryStageWindow   - Scaled ratio: (1.0, 1.0)
11:39:28.296 [JavaFX Application Thread] DEBUG PrimaryStageWindow   - Scene size: 800.0 x 600.0
11:39:28.297 [JavaFX Application Thread] DEBUG PrimaryStageWindow   - Stage size: 800.0 x 628.0
11:39:28.299 [FXGL Background Thread 1 ] DEBUG Engine               - Initializing environment variables
11:39:28.313 [FXGL Background Thread 1 ] DEBUG FXGLAssetLoaderServi - User app class for loading assets: class com.WorkshopJava.app.App
11:39:28.313 [FXGL Background Thread 1 ] DEBUG GameApplicationServi - Applying CSS: fxgl_dark.css
11:39:28.314 [FXGL Background Thread 1 ] DEBUG FXGLAssetLoaderServi - Loading from file system: jar:file:/Users/fitzflorian/.m2/repository/com/github/almasb/fxgl/17.2/fxgl-17.2.jar!/fxglassets/ui/css/fxgl_dark.css
11:39:28.336 [FXGL Background Thread 1 ] DEBUG GameApplicationServi - Initializing application scenes
11:39:28.544 [FXGL Background Thread 1 ] DEBUG GameWorld            - Game world initialized
11:39:28.566 [FXGL Background Thread 1 ] DEBUG PhysicsWorld         - Physics world initialized: appHeight=600, physics.ppm=50,0
11:39:28.566 [FXGL Background Thread 1 ] DEBUG PhysicsWorld         - Using strategy: BRUTE_FORCE
11:39:28.567 [FXGL Background Thread 1 ] DEBUG GameScene            - Game scene initialized: 800x600
11:39:28.573 [FXGL Background Thread 1 ] DEBUG FXGL.DefaultMenu     - createMenuBodyGameMenu()
11:39:28.580 [FXGL Background Thread 1 ] DEBUG FXGL.DefaultMenu     - createOptionsMenu()
11:39:28.584 [FXGL Background Thread 1 ] DEBUG FXGLAssetLoaderServi - Loading from file system: jar:file:/Users/fitzflorian/.m2/repository/com/github/almasb/fxgl/17.2/fxgl-17.2.jar!/fxglassets/textures/particles/smoke.png
11:39:28.637 [FXGL Background Thread 1 ] DEBUG FXGLAssetLoaderServi - Loading from file system: jar:file:/Users/fitzflorian/.m2/repository/com/github/almasb/fxgl/17.2/fxgl-17.2.jar!/fxglassets/textures/particles/trace_horizontal.png
11:39:28.657 [FXGL Background Thread 1 ] DEBUG GameApplicationServi - Application scenes initialized
11:39:28.663 [FXGL Background Thread 1 ] DEBUG SystemBundleService  - Loading FXGL system data
11:39:28.665 [FXGL Background Thread 1 ] DEBUG FileSystemAccess     - Reading from: /Users/fitzflorian/delivery/tek2/Hub/Workshop/wk-java/WorkshopJava-app/system/fxgl.bundle
11:39:28.669 [FXGL Background Thread 1 ] DEBUG SystemBundleService  - Bundle FXGL: {}
11:39:28.669 [FXGL Background Thread 1 ] DEBUG UpdaterService       - Checking for updates
11:39:28.670 [FXGL Background Thread 4 ] DEBUG FXGLApplication      - Loading fonts
11:39:28.670 [FXGL Background Thread 1 ] DEBUG FXGLApplication      - Loading default localization
11:39:28.670 [FXGL Background Thread 4 ] DEBUG FXGLAssetLoaderServi - Loading from file system: jar:file:/Users/fitzflorian/.m2/repository/com/github/almasb/fxgl/17.2/fxgl-17.2.jar!/fxglassets/ui/fonts/VarelaRound-Regular.ttf
11:39:28.671 [FXGL Background Thread 1 ] DEBUG FXGLAssetLoaderServi - Loading from file system: jar:file:/Users/fitzflorian/.m2/repository/com/github/almasb/fxgl/17.2/fxgl-17.2.jar!/fxglassets/languages/english.lang
11:39:28.678 [FXGL Background Thread 4 ] DEBUG FXGLAssetLoaderServi - Loading from file system: jar:file:/Users/fitzflorian/.m2/repository/com/github/almasb/fxgl/17.2/fxgl-17.2.jar!/fxglassets/ui/fonts/Abel-Regular.ttf
11:39:28.679 [FXGL Background Thread 4 ] DEBUG FXGLAssetLoaderServi - Loading from file system: jar:file:/Users/fitzflorian/.m2/repository/com/github/almasb/fxgl/17.2/fxgl-17.2.jar!/fxglassets/ui/fonts/TerminalLandMono-Regular.otf
11:39:28.679 [FXGL Background Thread 1 ] INFO  FXGLApplication      - FXGL initialization took: 0,380 sec
11:39:28.681 [FXGL Background Thread 4 ] DEBUG FXGLAssetLoaderServi - Loading from file system: jar:file:/Users/fitzflorian/.m2/repository/com/github/almasb/fxgl/17.2/fxgl-17.2.jar!/fxglassets/ui/fonts/Courier-Prime.ttf
11:39:28.684 [JavaFX Application Thread] DEBUG Input                - Registered new binding: action0 - Left
11:39:28.684 [JavaFX Application Thread] DEBUG Input                - Registered new binding: action1 - Right
11:39:28.684 [JavaFX Application Thread] DEBUG Input                - Registered new binding: action2 - Up
11:39:28.684 [JavaFX Application Thread] DEBUG Input                - Registered new binding: action3 - Down
11:39:28.684 [JavaFX Application Thread] DEBUG FXGLAssetLoaderServi - Loading from file system: jar:file:/Users/fitzflorian/.m2/repository/com/github/almasb/fxgl/17.2/fxgl-17.2.jar!/fxglassets/textures/fxgl_icon.png
11:39:28.702 [JavaFX Application Thread] DEBUG FXGLAssetLoaderServi - Loading from file system: jar:file:/Users/fitzflorian/.m2/repository/com/github/almasb/fxgl/17.2/fxgl-17.2.jar!/fxglassets/textures/fxgl_default_cursor.png
11:39:28.703 [JavaFX Application Thread] DEBUG Input                - Registered new binding: Screenshot - CTRL+8
11:39:28.703 [JavaFX Application Thread] DEBUG Input                - Registered new binding: System info dump - CTRL+9
11:39:28.703 [JavaFX Application Thread] DEBUG Input                - Registered new binding: Restart - CTRL+R
11:39:28.703 [JavaFX Application Thread] DEBUG Input                - Registered new binding: Toggle Debug Camera - CTRL+7
11:39:28.704 [JavaFX Application Thread] DEBUG LoopRunner           - Starting loop
11:39:28.704 [JavaFX Application Thread] DEBUG LoopRunner           - Initializing JavaFX AnimationTimerLoop
11:39:28.704 [JavaFX Application Thread] DEBUG GameApplicationServi - Starting new game
11:39:28.705 [JavaFX Application Thread] DEBUG Input                - Clearing active input actions
11:39:28.710 [JavaFX Application Thread] DEBUG GameApplicationServi - Removing overlay from FXGLStartupScene and adding to FXGLLoadingScene
11:39:28.710 [JavaFX Application Thread] DEBUG PrimaryStageWindow   - FXGLStartupScene -> FXGLLoadingScene
11:39:28.710 [JavaFX Application Thread] DEBUG GameApplicationServi - Clearing previous game
11:39:28.710 [JavaFX Application Thread] DEBUG GameScene            - Clearing game scene
11:39:28.710 [JavaFX Application Thread] DEBUG GameWorld            - Clearing game world
11:39:28.710 [JavaFX Application Thread] DEBUG PhysicsWorld         - Clearing physics world
11:39:28.711 [FXGL Background Thread 4 ] DEBUG FXGLApplication      - Initializing game
11:39:28.718 [FXGL Background Thread 4 ] INFO  FXGLApplication      - Game initialization took: 0,006 sec
11:39:28.731 [JavaFX Application Thread] DEBUG FXGLApplication      - Registering font factories with UI factory
11:39:28.733 [JavaFX Application Thread] DEBUG Input                - Clearing active input actions
11:39:28.735 [JavaFX Application Thread] DEBUG GameApplicationServi - Removing overlay from FXGLLoadingScene and adding to GameScene
11:39:28.735 [JavaFX Application Thread] DEBUG PrimaryStageWindow   - FXGLLoadingScene -> GameScene
11:39:29.673 [FXGL Background Thread 2 ] INFO  UpdaterService       - Your current version:  17.2
11:39:29.673 [FXGL Background Thread 2 ] INFO  UpdaterService       - Latest stable version: 17.3
11:39:31.315 [JavaFX Application Thread] DEBUG PrimaryStageWindow   - Push state: FXGLDefaultMenu
11:39:31.322 [JavaFX Application Thread] DEBUG Input                - Clearing active input actions
11:39:31.329 [JavaFX Application Thread] DEBUG GameApplicationServi - Removing overlay from GameScene and adding to FXGLDefaultMenu
11:39:31.330 [JavaFX Application Thread] DEBUG PrimaryStageWindow   - GameScene -> FXGLDefaultMenu
11:39:31.675 [FXGL Background Thread 3 ] DEBUG Engine               - Logging environment variables
11:39:31.675 [FXGL Background Thread 3 ] DEBUG Engine               - achievements: []
11:39:31.675 [FXGL Background Thread 3 ] DEBUG Engine               - actualHeight: 600.0
11:39:31.675 [FXGL Background Thread 3 ] DEBUG Engine               - actualHeightProperty: ReadOnlyDoubleProperty [value: 600.0]
11:39:31.675 [FXGL Background Thread 3 ] DEBUG Engine               - actualWidth: 800.0
11:39:31.675 [FXGL Background Thread 3 ] DEBUG Engine               - actualWidthProperty: ReadOnlyDoubleProperty [value: 800.0]
11:39:31.675 [FXGL Background Thread 3 ] DEBUG Engine               - appIcon: fxgl_icon.png
11:39:31.676 [FXGL Background Thread 3 ] DEBUG Engine               - applicationMode: DEVELOPER
11:39:31.676 [FXGL Background Thread 3 ] DEBUG Engine               - cSSList: [fxgl_dark.css]
11:39:31.676 [FXGL Background Thread 3 ] DEBUG Engine               - collisionDetectionStrategy: BRUTE_FORCE
11:39:31.676 [FXGL Background Thread 3 ] DEBUG Engine               - configClass: Optional.empty
11:39:31.676 [FXGL Background Thread 3 ] DEBUG Engine               - credits: []
11:39:31.676 [FXGL Background Thread 3 ] DEBUG Engine               - defaultCursor: CursorInfo(imageName=fxgl_default_cursor.png, hotspotX=7.0, hotspotY=6.0)
11:39:31.676 [FXGL Background Thread 3 ] DEBUG Engine               - devBBoxColorProperty: ObjectProperty [value: 0xff0000ff]
11:39:31.676 [FXGL Background Thread 3 ] DEBUG Engine               - devEnableDebugCameraProperty: BooleanProperty [value: false]
11:39:31.676 [FXGL Background Thread 3 ] DEBUG Engine               - devSensorColorProperty: ObjectProperty [value: 0xffff00ff]
11:39:31.676 [FXGL Background Thread 3 ] DEBUG Engine               - devShowBBoxProperty: BooleanProperty [value: false]
11:39:31.676 [FXGL Background Thread 3 ] DEBUG Engine               - devShowPositionProperty: BooleanProperty [value: false]
11:39:31.676 [FXGL Background Thread 3 ] DEBUG Engine               - enabledMenuItems: []
11:39:31.676 [FXGL Background Thread 3 ] DEBUG Engine               - engineServices: [class com.almasb.fxgl.app.services.FXGLAssetLoaderService, class com.almasb.fxgl.app.FXGLApplication$GameApplicationService, class com.almasb.fxgl.app.services.FXGLDialogService, class com.almasb.fxgl.app.services.IOTaskExecutorService, class com.almasb.fxgl.io.FileSystemService, class com.almasb.fxgl.localization.LocalizationService, class com.almasb.fxgl.app.services.SystemBundleService, class com.almasb.fxgl.profile.SaveLoadService, class com.almasb.fxgl.ui.FXGLUIFactoryServiceProvider, class com.almasb.fxgl.ui.FXGLDialogFactoryServiceProvider, class com.almasb.fxgl.audio.AudioPlayer, class com.almasb.fxgl.notification.impl.NotificationServiceProvider, class com.almasb.fxgl.achievement.AchievementService, class com.almasb.fxgl.cutscene.CutsceneService, class com.almasb.fxgl.minigames.MiniGameService, class com.almasb.fxgl.net.NetService, class com.almasb.fxgl.app.services.UpdaterService, class com.almasb.fxgl.dev.DevService]
11:39:31.676 [FXGL Background Thread 3 ] DEBUG Engine               - fontGame: Abel-Regular.ttf
11:39:31.676 [FXGL Background Thread 3 ] DEBUG Engine               - fontMono: TerminalLandMono-Regular.otf
11:39:31.676 [FXGL Background Thread 3 ] DEBUG Engine               - fontText: Courier-Prime.ttf
11:39:31.676 [FXGL Background Thread 3 ] DEBUG Engine               - fontUI: VarelaRound-Regular.ttf
11:39:31.676 [FXGL Background Thread 3 ] DEBUG Engine               - fullScreen: BooleanProperty [value: false]
11:39:31.676 [FXGL Background Thread 3 ] DEBUG Engine               - gameDifficulty: MEDIUM
11:39:31.676 [FXGL Background Thread 3 ] DEBUG Engine               - gameDifficultyProperty: ObjectProperty [value: MEDIUM]
11:39:31.676 [FXGL Background Thread 3 ] DEBUG Engine               - globalMusicVolume: 0.5
11:39:31.676 [FXGL Background Thread 3 ] DEBUG Engine               - globalMusicVolumeProperty: DoubleProperty [value: 0.5]
11:39:31.676 [FXGL Background Thread 3 ] DEBUG Engine               - globalSoundVolume: 0.5
11:39:31.676 [FXGL Background Thread 3 ] DEBUG Engine               - globalSoundVolumeProperty: DoubleProperty [value: 0.5]
11:39:31.676 [FXGL Background Thread 3 ] DEBUG Engine               - height: 600
11:39:31.676 [FXGL Background Thread 3 ] DEBUG Engine               - is3D: false
11:39:31.676 [FXGL Background Thread 3 ] DEBUG Engine               - isAndroid: false
11:39:31.677 [FXGL Background Thread 3 ] DEBUG Engine               - isBrowser: false
11:39:31.677 [FXGL Background Thread 3 ] DEBUG Engine               - isClickFeedbackEnabled: false
11:39:31.677 [FXGL Background Thread 3 ] DEBUG Engine               - isCloseConfirmation: false
11:39:31.677 [FXGL Background Thread 3 ] DEBUG Engine               - isDesktop: true
11:39:31.677 [FXGL Background Thread 3 ] DEBUG Engine               - isDeveloperMenuEnabled: false
11:39:31.677 [FXGL Background Thread 3 ] DEBUG Engine               - isEmbedded: false
11:39:31.677 [FXGL Background Thread 3 ] DEBUG Engine               - isEntityPreloadEnabled: true
11:39:31.677 [FXGL Background Thread 3 ] DEBUG Engine               - isExperimentalTiledLargeMap: false
11:39:31.677 [FXGL Background Thread 3 ] DEBUG Engine               - isFileSystemWriteAllowed: true
11:39:31.677 [FXGL Background Thread 3 ] DEBUG Engine               - isFullScreenAllowed: false
11:39:31.677 [FXGL Background Thread 3 ] DEBUG Engine               - isFullScreenFromStart: false
11:39:31.677 [FXGL Background Thread 3 ] DEBUG Engine               - isGameMenuEnabled: true
11:39:31.677 [FXGL Background Thread 3 ] DEBUG Engine               - isIOS: false
11:39:31.677 [FXGL Background Thread 3 ] DEBUG Engine               - isIntroEnabled: false
11:39:31.677 [FXGL Background Thread 3 ] DEBUG Engine               - isLinux: false
11:39:31.677 [FXGL Background Thread 3 ] DEBUG Engine               - isMac: true
11:39:31.677 [FXGL Background Thread 3 ] DEBUG Engine               - isMainMenuEnabled: false
11:39:31.677 [FXGL Background Thread 3 ] DEBUG Engine               - isManualResizeEnabled: false
11:39:31.677 [FXGL Background Thread 3 ] DEBUG Engine               - isMobile: false
11:39:31.677 [FXGL Background Thread 3 ] DEBUG Engine               - isNative: false
11:39:31.677 [FXGL Background Thread 3 ] DEBUG Engine               - isPauseMusicWhenMinimized: true
11:39:31.677 [FXGL Background Thread 3 ] DEBUG Engine               - isPreserveResizeRatio: false
11:39:31.677 [FXGL Background Thread 3 ] DEBUG Engine               - isProfilingEnabled: false
11:39:31.677 [FXGL Background Thread 3 ] DEBUG Engine               - isScaleAffectedOnResize: true
11:39:31.677 [FXGL Background Thread 3 ] DEBUG Engine               - isSingleStep: false
11:39:31.677 [FXGL Background Thread 3 ] DEBUG Engine               - isUserProfileEnabled: false
11:39:31.677 [FXGL Background Thread 3 ] DEBUG Engine               - isWindows: false
11:39:31.677 [FXGL Background Thread 3 ] DEBUG Engine               - language: ObjectProperty [value: ENGLISH]
11:39:31.677 [FXGL Background Thread 3 ] DEBUG Engine               - menuKey: ESCAPE
11:39:31.677 [FXGL Background Thread 3 ] DEBUG Engine               - mouseSensitivity: 0.2
11:39:31.677 [FXGL Background Thread 3 ] DEBUG Engine               - notificationViewClass: class com.almasb.fxgl.notification.view.XboxNotificationView
11:39:31.677 [FXGL Background Thread 3 ] DEBUG Engine               - pixelsPerMeter: 50.0
11:39:31.677 [FXGL Background Thread 3 ] DEBUG Engine               - platform: MAC
11:39:31.677 [FXGL Background Thread 3 ] DEBUG Engine               - prefHeightProperty: ReadOnlyDoubleProperty [value: 600.0]
11:39:31.677 [FXGL Background Thread 3 ] DEBUG Engine               - prefWidthProperty: ReadOnlyDoubleProperty [value: 800.0]
11:39:31.677 [FXGL Background Thread 3 ] DEBUG Engine               - profileDir: profiles/
11:39:31.677 [FXGL Background Thread 3 ] DEBUG Engine               - profileName: StringProperty [value: DEFAULT]
11:39:31.677 [FXGL Background Thread 3 ] DEBUG Engine               - randomSeed: -1
11:39:31.677 [FXGL Background Thread 3 ] DEBUG Engine               - runtimeInfo: RuntimeInfo(platform=MAC, version=17.2, build=20.08.2022 16.50)
11:39:31.678 [FXGL Background Thread 3 ] DEBUG Engine               - saveFileExt: sav
11:39:31.678 [FXGL Background Thread 3 ] DEBUG Engine               - scaledHeightProp$fxgl: DoubleProperty [bound, value: 600.0]
11:39:31.678 [FXGL Background Thread 3 ] DEBUG Engine               - scaledWidthProp$fxgl: DoubleProperty [bound, value: 800.0]
11:39:31.678 [FXGL Background Thread 3 ] DEBUG Engine               - sceneFactory: com.almasb.fxgl.app.scene.SceneFactory@490409b9
11:39:31.678 [FXGL Background Thread 3 ] DEBUG Engine               - secondsIn24h: 60
11:39:31.678 [FXGL Background Thread 3 ] DEBUG Engine               - soundMenuBack: menu/back.wav
11:39:31.678 [FXGL Background Thread 3 ] DEBUG Engine               - soundMenuPress: menu/press.wav
11:39:31.678 [FXGL Background Thread 3 ] DEBUG Engine               - soundMenuSelect: menu/select.wav
11:39:31.678 [FXGL Background Thread 3 ] DEBUG Engine               - soundNotification: core/notification.wav
11:39:31.678 [FXGL Background Thread 3 ] DEBUG Engine               - stageStyle: DECORATED
11:39:31.678 [FXGL Background Thread 3 ] DEBUG Engine               - supportedLanguages: [ENGLISH, FRENCH, GERMAN, HUNGARIAN, RUSSIAN]
11:39:31.678 [FXGL Background Thread 3 ] DEBUG Engine               - ticksPerSecond: -1
11:39:31.678 [FXGL Background Thread 3 ] DEBUG Engine               - title: WorkshopJava
11:39:31.678 [FXGL Background Thread 3 ] DEBUG Engine               - urlGithub: https://github.com/AlmasB/FXGL
11:39:31.678 [FXGL Background Thread 3 ] DEBUG Engine               - urlLeaderboard: http://fxgl-top.herokuapp.com/
11:39:31.678 [FXGL Background Thread 3 ] DEBUG Engine               - urlPOM: https://raw.githubusercontent.com/AlmasB/FXGL/release/README.md
11:39:31.678 [FXGL Background Thread 3 ] DEBUG Engine               - userAppClass: class com.WorkshopJava.app.App
11:39:31.678 [FXGL Background Thread 3 ] DEBUG Engine               - version: 0.0
11:39:31.678 [FXGL Background Thread 3 ] DEBUG Engine               - versionCheckDays: 7
11:39:31.678 [FXGL Background Thread 3 ] DEBUG Engine               - width: 800
11:39:31.678 [FXGL Background Thread 3 ] DEBUG Engine               - Logging services
11:39:31.678 [FXGL Background Thread 3 ] DEBUG Engine               - class com.almasb.fxgl.app.services.FXGLAssetLoaderService
11:39:31.678 [FXGL Background Thread 3 ] DEBUG Engine               - class com.almasb.fxgl.app.FXGLApplication$GameApplicationService
11:39:31.678 [FXGL Background Thread 3 ] DEBUG Engine               - class com.almasb.fxgl.app.services.FXGLDialogService
11:39:31.678 [FXGL Background Thread 3 ] DEBUG Engine               - class com.almasb.fxgl.app.services.IOTaskExecutorService
11:39:31.678 [FXGL Background Thread 3 ] DEBUG Engine               - class com.almasb.fxgl.io.FileSystemService
11:39:31.678 [FXGL Background Thread 3 ] DEBUG Engine               - class com.almasb.fxgl.localization.LocalizationService
11:39:31.678 [FXGL Background Thread 3 ] DEBUG Engine               - class com.almasb.fxgl.app.services.SystemBundleService
11:39:31.678 [FXGL Background Thread 3 ] DEBUG Engine               - class com.almasb.fxgl.profile.SaveLoadService
11:39:31.678 [FXGL Background Thread 3 ] DEBUG Engine               - class com.almasb.fxgl.ui.FXGLUIFactoryServiceProvider
11:39:31.678 [FXGL Background Thread 3 ] DEBUG Engine               - class com.almasb.fxgl.ui.FXGLDialogFactoryServiceProvider
11:39:31.678 [FXGL Background Thread 3 ] DEBUG Engine               - class com.almasb.fxgl.audio.AudioPlayer
11:39:31.678 [FXGL Background Thread 3 ] DEBUG Engine               - class com.almasb.fxgl.notification.impl.NotificationServiceProvider
11:39:31.678 [FXGL Background Thread 3 ] DEBUG Engine               - class com.almasb.fxgl.achievement.AchievementService
11:39:31.678 [FXGL Background Thread 3 ] DEBUG Engine               - class com.almasb.fxgl.cutscene.CutsceneService
11:39:31.678 [FXGL Background Thread 3 ] DEBUG Engine               - class com.almasb.fxgl.minigames.MiniGameService
11:39:31.678 [FXGL Background Thread 3 ] DEBUG Engine               - class com.almasb.fxgl.net.NetService
11:39:31.678 [FXGL Background Thread 3 ] DEBUG Engine               - class com.almasb.fxgl.app.services.UpdaterService
11:39:31.678 [FXGL Background Thread 3 ] DEBUG Engine               - class com.almasb.fxgl.dev.DevService
11:39:32.135 [JavaFX Application Thread] DEBUG PrimaryStageWindow   - Pop state: FXGLDefaultMenu
11:39:32.135 [JavaFX Application Thread] DEBUG Input                - Clearing active input actions
11:39:32.135 [JavaFX Application Thread] DEBUG GameApplicationServi - Removing overlay from FXGLDefaultMenu and adding to GameScene
11:39:32.136 [JavaFX Application Thread] DEBUG PrimaryStageWindow   - GameScene <- FXGLDefaultMenu
11:39:32.985 [JavaFX Application Thread] DEBUG PrimaryStageWindow   - Push state: FXGLDefaultMenu
11:39:32.985 [JavaFX Application Thread] DEBUG Input                - Clearing active input actions
11:39:32.987 [JavaFX Application Thread] DEBUG GameApplicationServi - Removing overlay from GameScene and adding to FXGLDefaultMenu
11:39:32.988 [JavaFX Application Thread] DEBUG PrimaryStageWindow   - GameScene -> FXGLDefaultMenu
11:39:34.396 [JavaFX Application Thread] DEBUG PrimaryStageWindow   - Pop state: FXGLDefaultMenu
11:39:34.396 [JavaFX Application Thread] DEBUG Input                - Clearing active input actions
11:39:34.396 [JavaFX Application Thread] DEBUG GameApplicationServi - Removing overlay from FXGLDefaultMenu and adding to GameScene
11:39:34.397 [JavaFX Application Thread] DEBUG PrimaryStageWindow   - GameScene <- FXGLDefaultMenu
11:39:36.614 [JavaFX Application Thread] DEBUG PrimaryStageWindow   - Push state: FXGLDefaultMenu
11:39:36.615 [JavaFX Application Thread] DEBUG Input                - Clearing active input actions
11:39:36.619 [JavaFX Application Thread] DEBUG GameApplicationServi - Removing overlay from GameScene and adding to FXGLDefaultMenu
11:39:36.619 [JavaFX Application Thread] DEBUG PrimaryStageWindow   - GameScene -> FXGLDefaultMenu
11:39:38.906 [JavaFX Application Thread] DEBUG PrimaryStageWindow   - Pop state: FXGLDefaultMenu
11:39:38.906 [JavaFX Application Thread] DEBUG Input                - Clearing active input actions
11:39:38.907 [JavaFX Application Thread] DEBUG GameApplicationServi - Removing overlay from FXGLDefaultMenu and adding to GameScene
11:39:38.907 [JavaFX Application Thread] DEBUG PrimaryStageWindow   - GameScene <- FXGLDefaultMenu
11:39:39.712 [JavaFX Application Thread] DEBUG PrimaryStageWindow   - Push state: FXGLDefaultMenu
11:39:39.713 [JavaFX Application Thread] DEBUG Input                - Clearing active input actions
11:39:39.716 [JavaFX Application Thread] DEBUG GameApplicationServi - Removing overlay from GameScene and adding to FXGLDefaultMenu
11:39:39.717 [JavaFX Application Thread] DEBUG PrimaryStageWindow   - GameScene -> FXGLDefaultMenu
11:39:40.169 [JavaFX Application Thread] DEBUG PrimaryStageWindow   - Pop state: FXGLDefaultMenu
11:39:40.170 [JavaFX Application Thread] DEBUG Input                - Clearing active input actions
11:39:40.170 [JavaFX Application Thread] DEBUG GameApplicationServi - Removing overlay from FXGLDefaultMenu and adding to GameScene
11:39:40.170 [JavaFX Application Thread] DEBUG PrimaryStageWindow   - GameScene <- FXGLDefaultMenu
11:39:41.114 [JavaFX Application Thread] DEBUG PrimaryStageWindow   - Push state: FXGLDefaultMenu
11:39:41.115 [JavaFX Application Thread] DEBUG Input                - Clearing active input actions
11:39:41.117 [JavaFX Application Thread] DEBUG GameApplicationServi - Removing overlay from GameScene and adding to FXGLDefaultMenu
11:39:41.118 [JavaFX Application Thread] DEBUG PrimaryStageWindow   - GameScene -> FXGLDefaultMenu
11:39:41.507 [JavaFX Application Thread] DEBUG PrimaryStageWindow   - Pop state: FXGLDefaultMenu
11:39:41.507 [JavaFX Application Thread] DEBUG Input                - Clearing active input actions
11:39:41.508 [JavaFX Application Thread] DEBUG GameApplicationServi - Removing overlay from FXGLDefaultMenu and adding to GameScene
11:39:41.508 [JavaFX Application Thread] DEBUG PrimaryStageWindow   - GameScene <- FXGLDefaultMenu
11:39:41.772 [JavaFX Application Thread] DEBUG PrimaryStageWindow   - Push state: FXGLDefaultMenu
11:39:41.772 [JavaFX Application Thread] DEBUG Input                - Clearing active input actions
11:39:41.775 [JavaFX Application Thread] DEBUG GameApplicationServi - Removing overlay from GameScene and adding to FXGLDefaultMenu
11:39:41.775 [JavaFX Application Thread] DEBUG PrimaryStageWindow   - GameScene -> FXGLDefaultMenu
11:39:41.999 [JavaFX Application Thread] DEBUG PrimaryStageWindow   - Pop state: FXGLDefaultMenu
11:39:41.999 [JavaFX Application Thread] DEBUG Input                - Clearing active input actions
11:39:41.999 [JavaFX Application Thread] DEBUG GameApplicationServi - Removing overlay from FXGLDefaultMenu and adding to GameScene
11:39:41.999 [JavaFX Application Thread] DEBUG PrimaryStageWindow   - GameScene <- FXGLDefaultMenu
11:39:42.292 [JavaFX Application Thread] DEBUG PrimaryStageWindow   - Push state: FXGLDefaultMenu
11:39:42.292 [JavaFX Application Thread] DEBUG Input                - Clearing active input actions
11:39:42.295 [JavaFX Application Thread] DEBUG GameApplicationServi - Removing overlay from GameScene and adding to FXGLDefaultMenu
11:39:42.296 [JavaFX Application Thread] DEBUG PrimaryStageWindow   - GameScene -> FXGLDefaultMenu
11:39:42.637 [JavaFX Application Thread] DEBUG PrimaryStageWindow   - Pop state: FXGLDefaultMenu
11:39:42.637 [JavaFX Application Thread] DEBUG Input                - Clearing active input actions
11:39:42.637 [JavaFX Application Thread] DEBUG GameApplicationServi - Removing overlay from FXGLDefaultMenu and adding to GameScene
11:39:42.638 [JavaFX Application Thread] DEBUG PrimaryStageWindow   - GameScene <- FXGLDefaultMenu
11:39:43.020 [JavaFX Application Thread] DEBUG PrimaryStageWindow   - Push state: FXGLDefaultMenu
11:39:43.020 [JavaFX Application Thread] DEBUG Input                - Clearing active input actions
11:39:43.022 [JavaFX Application Thread] DEBUG GameApplicationServi - Removing overlay from GameScene and adding to FXGLDefaultMenu
11:39:43.022 [JavaFX Application Thread] DEBUG PrimaryStageWindow   - GameScene -> FXGLDefaultMenu
11:39:43.771 [JavaFX Application Thread] DEBUG PrimaryStageWindow   - Pop state: FXGLDefaultMenu
11:39:43.771 [JavaFX Application Thread] DEBUG Input                - Clearing active input actions
11:39:43.771 [JavaFX Application Thread] DEBUG GameApplicationServi - Removing overlay from FXGLDefaultMenu and adding to GameScene
11:39:43.771 [JavaFX Application Thread] DEBUG PrimaryStageWindow   - GameScene <- FXGLDefaultMenu
11:40:36.355 [JavaFX Application Thread] DEBUG FXGLApplication      - Exiting FXGL
11:40:36.355 [JavaFX Application Thread] DEBUG LoopRunner           - Stopping loop
11:40:36.355 [JavaFX Application Thread] DEBUG SystemBundleService  - Saving FXGL system data
11:40:36.359 [JavaFX Application Thread] DEBUG FileSystemAccess     - Writing to: /Users/fitzflorian/delivery/tek2/Hub/Workshop/wk-java/WorkshopJava-app/system/fxgl.bundle
11:40:36.360 [JavaFX Application Thread] DEBUG Async                - Shutting down background threads
11:40:36.360 [JavaFX Application Thread] DEBUG PrimaryStageWindow   - Closing main window
11:40:36.367 [JavaFX Application Thread] DEBUG Logger               - Closing Logger
