11:34:22.876 [main                     ] DEBUG Logger               - Configured Logger
11:34:22.892 [main                     ] DEBUG GameApplication      - Logging settings
Title: WorkshopJava
Version: 0.0
Width: 800
Height: 600
Fullscreen: false
Intro: false
Profiling: false
Single step:false
App Mode: DEVELOPER
Menu Key: ESCAPE
Stage Style: DECORATED
Scene Factory: class com.almasb.fxgl.app.scene.SceneFactory

11:34:23.163 [JavaFX Application Thread] DEBUG FXGLApplication      - Initializing FXGL
11:34:23.165 [JavaFX Application Thread] INFO  Engine               - FXGL-17.2 (20.08.2022 16.50) on MAC (J:17.0.7 FX:18)
11:34:23.165 [JavaFX Application Thread] DEBUG Engine               - JRE Vendor Name: Amazon.com Inc.
11:34:23.165 [JavaFX Application Thread] DEBUG Engine               - Running on OS: Mac OS X version 13.4
11:34:23.165 [JavaFX Application Thread] DEBUG Engine               - Architecture: aarch64
11:34:23.165 [JavaFX Application Thread] INFO  Engine               - Source code and latest versions at: https://github.com/AlmasB/FXGL
11:34:23.165 [JavaFX Application Thread] INFO  Engine               -       Ask questions and discuss at: https://github.com/AlmasB/FXGL/discussions
11:34:23.165 [JavaFX Application Thread] INFO  Engine               -              Join the FXGL chat at: https://gitter.im/AlmasB/FXGL
11:34:23.218 [JavaFX Application Thread] DEBUG PrimaryStageWindow   - Creating a JavaFX scene
11:34:23.233 [JavaFX Application Thread] DEBUG PrimaryStageWindow   - Target settings size: 800.0 x 600.0
11:34:23.234 [JavaFX Application Thread] DEBUG PrimaryStageWindow   - Scaled scene size:    800.0 x 600.0
11:34:23.234 [JavaFX Application Thread] DEBUG PrimaryStageWindow   - Scaled ratio: (1.0, 1.0)
11:34:23.234 [JavaFX Application Thread] DEBUG PrimaryStageWindow   - Set initial scene to FXGLStartupScene
11:34:23.236 [JavaFX Application Thread] DEBUG PrimaryStageWindow   - Opening main window
11:34:23.280 [JavaFX Application Thread] DEBUG PrimaryStageWindow   - Window border size: (0.0, 28.0)
11:34:23.280 [JavaFX Application Thread] DEBUG PrimaryStageWindow   - Scaled size: 800.0 x 600.0
11:34:23.280 [JavaFX Application Thread] DEBUG PrimaryStageWindow   - Scaled ratio: (1.0, 1.0)
11:34:23.281 [JavaFX Application Thread] DEBUG PrimaryStageWindow   - Scene size: 800.0 x 600.0
11:34:23.281 [JavaFX Application Thread] DEBUG PrimaryStageWindow   - Stage size: 800.0 x 628.0
11:34:23.283 [FXGL Background Thread 1 ] DEBUG Engine               - Initializing environment variables
11:34:23.300 [FXGL Background Thread 1 ] DEBUG FXGLAssetLoaderServi - User app class for loading assets: class com.WorkshopJava.app.App
11:34:23.301 [FXGL Background Thread 1 ] DEBUG GameApplicationServi - Applying CSS: fxgl_dark.css
11:34:23.301 [FXGL Background Thread 1 ] DEBUG FXGLAssetLoaderServi - Loading from file system: jar:file:/Users/fitzflorian/.m2/repository/com/github/almasb/fxgl/17.2/fxgl-17.2.jar!/fxglassets/ui/css/fxgl_dark.css
11:34:23.321 [FXGL Background Thread 1 ] DEBUG GameApplicationServi - Initializing application scenes
11:34:23.464 [FXGL Background Thread 1 ] DEBUG GameWorld            - Game world initialized
11:34:23.485 [FXGL Background Thread 1 ] DEBUG PhysicsWorld         - Physics world initialized: appHeight=600, physics.ppm=50,0
11:34:23.485 [FXGL Background Thread 1 ] DEBUG PhysicsWorld         - Using strategy: BRUTE_FORCE
11:34:23.487 [FXGL Background Thread 1 ] DEBUG GameScene            - Game scene initialized: 800x600
11:34:23.491 [FXGL Background Thread 1 ] DEBUG FXGL.DefaultMenu     - createMenuBodyGameMenu()
11:34:23.498 [FXGL Background Thread 1 ] DEBUG FXGL.DefaultMenu     - createOptionsMenu()
11:34:23.502 [FXGL Background Thread 1 ] DEBUG FXGLAssetLoaderServi - Loading from file system: jar:file:/Users/fitzflorian/.m2/repository/com/github/almasb/fxgl/17.2/fxgl-17.2.jar!/fxglassets/textures/particles/smoke.png
11:34:23.545 [FXGL Background Thread 1 ] DEBUG FXGLAssetLoaderServi - Loading from file system: jar:file:/Users/fitzflorian/.m2/repository/com/github/almasb/fxgl/17.2/fxgl-17.2.jar!/fxglassets/textures/particles/trace_horizontal.png
11:34:23.558 [FXGL Background Thread 1 ] DEBUG GameApplicationServi - Application scenes initialized
11:34:23.562 [FXGL Background Thread 1 ] DEBUG SystemBundleService  - Loading FXGL system data
11:34:23.564 [FXGL Background Thread 1 ] DEBUG FileSystemAccess     - Reading from: /Users/fitzflorian/delivery/tek2/Hub/Workshop/wk-java/WorkshopJava-app/system/fxgl.bundle
11:34:23.568 [FXGL Background Thread 1 ] DEBUG SystemBundleService  - Bundle FXGL: {}
11:34:23.568 [FXGL Background Thread 1 ] DEBUG UpdaterService       - Checking for updates
11:34:23.569 [FXGL Background Thread 4 ] DEBUG FXGLApplication      - Loading fonts
11:34:23.569 [FXGL Background Thread 1 ] DEBUG FXGLApplication      - Loading default localization
11:34:23.569 [FXGL Background Thread 1 ] DEBUG FXGLAssetLoaderServi - Loading from file system: jar:file:/Users/fitzflorian/.m2/repository/com/github/almasb/fxgl/17.2/fxgl-17.2.jar!/fxglassets/languages/english.lang
11:34:23.570 [FXGL Background Thread 4 ] DEBUG FXGLAssetLoaderServi - Loading from file system: jar:file:/Users/fitzflorian/.m2/repository/com/github/almasb/fxgl/17.2/fxgl-17.2.jar!/fxglassets/ui/fonts/VarelaRound-Regular.ttf
11:34:23.580 [FXGL Background Thread 1 ] INFO  FXGLApplication      - FXGL initialization took: 0,297 sec
11:34:23.581 [FXGL Background Thread 4 ] DEBUG FXGLAssetLoaderServi - Loading from file system: jar:file:/Users/fitzflorian/.m2/repository/com/github/almasb/fxgl/17.2/fxgl-17.2.jar!/fxglassets/ui/fonts/Abel-Regular.ttf
11:34:23.582 [FXGL Background Thread 4 ] DEBUG FXGLAssetLoaderServi - Loading from file system: jar:file:/Users/fitzflorian/.m2/repository/com/github/almasb/fxgl/17.2/fxgl-17.2.jar!/fxglassets/ui/fonts/TerminalLandMono-Regular.otf
11:34:23.584 [FXGL Background Thread 4 ] DEBUG FXGLAssetLoaderServi - Loading from file system: jar:file:/Users/fitzflorian/.m2/repository/com/github/almasb/fxgl/17.2/fxgl-17.2.jar!/fxglassets/ui/fonts/Courier-Prime.ttf
11:34:23.584 [JavaFX Application Thread] DEBUG Input                - Registered new binding: action0 - Left
11:34:23.584 [JavaFX Application Thread] DEBUG Input                - Registered new binding: action1 - Right
11:34:23.584 [JavaFX Application Thread] DEBUG Input                - Registered new binding: action2 - Up
11:34:23.584 [JavaFX Application Thread] DEBUG Input                - Registered new binding: action3 - Down
11:34:23.584 [JavaFX Application Thread] DEBUG FXGLAssetLoaderServi - Loading from file system: jar:file:/Users/fitzflorian/.m2/repository/com/github/almasb/fxgl/17.2/fxgl-17.2.jar!/fxglassets/textures/fxgl_icon.png
11:34:23.599 [JavaFX Application Thread] DEBUG FXGLAssetLoaderServi - Loading from file system: jar:file:/Users/fitzflorian/.m2/repository/com/github/almasb/fxgl/17.2/fxgl-17.2.jar!/fxglassets/textures/fxgl_default_cursor.png
11:34:23.600 [JavaFX Application Thread] DEBUG Input                - Registered new binding: Screenshot - CTRL+8
11:34:23.600 [JavaFX Application Thread] DEBUG Input                - Registered new binding: System info dump - CTRL+9
11:34:23.600 [JavaFX Application Thread] DEBUG Input                - Registered new binding: Restart - CTRL+R
11:34:23.600 [JavaFX Application Thread] DEBUG Input                - Registered new binding: Toggle Debug Camera - CTRL+7
11:34:23.601 [JavaFX Application Thread] DEBUG LoopRunner           - Starting loop
11:34:23.601 [JavaFX Application Thread] DEBUG LoopRunner           - Initializing JavaFX AnimationTimerLoop
11:34:23.601 [JavaFX Application Thread] DEBUG GameApplicationServi - Starting new game
11:34:23.601 [JavaFX Application Thread] DEBUG Input                - Clearing active input actions
11:34:23.605 [JavaFX Application Thread] DEBUG GameApplicationServi - Removing overlay from FXGLStartupScene and adding to FXGLLoadingScene
11:34:23.605 [JavaFX Application Thread] DEBUG PrimaryStageWindow   - FXGLStartupScene -> FXGLLoadingScene
11:34:23.605 [JavaFX Application Thread] DEBUG GameApplicationServi - Clearing previous game
11:34:23.606 [JavaFX Application Thread] DEBUG GameScene            - Clearing game scene
11:34:23.606 [JavaFX Application Thread] DEBUG GameWorld            - Clearing game world
11:34:23.606 [JavaFX Application Thread] DEBUG PhysicsWorld         - Clearing physics world
11:34:23.606 [FXGL Background Thread 4 ] DEBUG FXGLApplication      - Initializing game
11:34:23.629 [JavaFX Application Thread] DEBUG FXGLApplication      - Registering font factories with UI factory
11:34:23.653 [JavaFX Application Thread] DEBUG LoopRunner           - Stopping loop
11:34:23.654 [JavaFX Application Thread] FATAL FXGLApplication      - Uncaught Exception:
java.lang.RuntimeException: Initialization failed
	at com.almasb.fxgl.app.FXGLApplication$InitAppTask.failed(FXGLApplication.kt:343)
	at javafx.concurrent.Task.setState(Task.java:710)
	at javafx.concurrent.Task$TaskCallable.lambda$call$2(Task.java:1456)
	at com.sun.javafx.application.PlatformImpl.lambda$runLater$10(PlatformImpl.java:457)
	at java.base/java.security.AccessController.doPrivileged(AccessController.java:399)
	at com.sun.javafx.application.PlatformImpl.lambda$runLater$11(PlatformImpl.java:456)
	at com.sun.glass.ui.InvokeLaterDispatcher$Future.run(InvokeLaterDispatcher.java:96)
Caused by: java.lang.ClassCastException: class javafx.beans.property.SimpleStringProperty cannot be cast to class javafx.beans.property.IntegerProperty (javafx.beans.property.SimpleStringProperty and javafx.beans.property.IntegerProperty are in unnamed module of loader 'app')
	at com.almasb.fxgl.core.collection.PropertyMap.intProperty(PropertyMap.kt:162)
	at com.WorkshopJava.app.App.initUI(App.java:47)
	at com.almasb.fxgl.app.FXGLApplication$InitAppTask.call(FXGLApplication.kt:321)
	at com.almasb.fxgl.app.FXGLApplication$InitAppTask.call(FXGLApplication.kt:311)
	at javafx.concurrent.Task$TaskCallable.call(Task.java:1426)
	at java.base/java.util.concurrent.FutureTask.run(FutureTask.java:264)
	at java.base/java.util.concurrent.Executors$RunnableAdapter.call(Executors.java:539)
	at java.base/java.util.concurrent.FutureTask.run(FutureTask.java:264)
	at java.base/java.util.concurrent.ThreadPoolExecutor.runWorker(ThreadPoolExecutor.java:1136)
	at java.base/java.util.concurrent.ThreadPoolExecutor$Worker.run(ThreadPoolExecutor.java:635)
	at java.base/java.lang.Thread.run(Thread.java:833)

11:34:23.654 [JavaFX Application Thread] FATAL FXGLApplication      - Application will now exit
11:34:23.662 [JavaFX Application Thread] DEBUG PrimaryStageWindow   - Push state: ErrorSubScene
11:34:23.662 [JavaFX Application Thread] DEBUG Input                - Clearing active input actions
11:34:23.666 [JavaFX Application Thread] DEBUG GameApplicationServi - Removing overlay from FXGLLoadingScene and adding to ErrorSubScene
11:34:23.666 [JavaFX Application Thread] DEBUG PrimaryStageWindow   - FXGLLoadingScene -> ErrorSubScene
11:34:23.976 [FXGL Background Thread 2 ] INFO  UpdaterService       - Your current version:  17.2
11:34:23.976 [FXGL Background Thread 2 ] INFO  UpdaterService       - Latest stable version: 17.3
11:34:25.173 [JavaFX Application Thread] DEBUG FXGLApplication      - Exiting FXGL
11:34:25.173 [JavaFX Application Thread] DEBUG Async                - Shutting down background threads
11:34:25.173 [JavaFX Application Thread] DEBUG PrimaryStageWindow   - Closing main window
11:34:25.182 [JavaFX Application Thread] DEBUG Logger               - Closing Logger
